  Map.cpp
C:\dev\Raycaster Engine\Raycaster Engine\src\Map.cpp(55,12): warning C4244: 'initializing': conversion from 'float' to 'int', possible loss of data
  Player.cpp
C:\dev\Raycaster Engine\Raycaster Engine\src\Player.cpp(20,12): warning C4305: 'initializing': truncation from 'double' to 'float'
C:\dev\Raycaster Engine\Raycaster Engine\src\Player.cpp(21,27): warning C4244: 'initializing': conversion from 'double' to 'float', possible loss of data
C:\dev\Raycaster Engine\Raycaster Engine\src\Player.cpp(22,17): warning C4244: 'initializing': conversion from 'double' to 'float', possible loss of data
C:\dev\Raycaster Engine\Raycaster Engine\src\Player.cpp(40,54): warning C4305: '+=': truncation from 'double' to 'float'
C:\dev\Raycaster Engine\Raycaster Engine\src\Player.cpp(40,121): warning C4305: '-=': truncation from 'double' to 'float'
C:\dev\Raycaster Engine\Raycaster Engine\src\Player.cpp(42,20): warning C4244: 'initializing': conversion from 'double' to 'float', possible loss of data
C:\dev\Raycaster Engine\Raycaster Engine\src\Player.cpp(44,30): warning C4838: conversion from 'double' to 'unsigned char' requires a narrowing conversion
C:\dev\Raycaster Engine\Raycaster Engine\src\Player.cpp(44,30): warning C4244: 'initializing': conversion from 'double' to 'unsigned char', possible loss of data
C:\dev\Raycaster Engine\Raycaster Engine\src\Player.cpp(46,57): warning C4244: 'argument': conversion from 'float' to 'int', possible loss of data
C:\dev\Raycaster Engine\Raycaster Engine\src\Player.cpp(46,47): warning C4244: 'argument': conversion from 'float' to 'int', possible loss of data
C:\dev\Raycaster Engine\Raycaster Engine\src\Player.cpp(58,17): warning C4305: '-=': truncation from 'double' to 'float'
C:\dev\Raycaster Engine\Raycaster Engine\src\Player.cpp(68,17): warning C4305: '+=': truncation from 'double' to 'float'
C:\dev\Raycaster Engine\Raycaster Engine\src\Player.cpp(104,50): warning C4244: 'argument': conversion from 'float' to 'int', possible loss of data
C:\dev\Raycaster Engine\Raycaster Engine\src\Player.cpp(104,37): warning C4244: 'argument': conversion from 'float' to 'int', possible loss of data
C:\dev\Raycaster Engine\Raycaster Engine\src\Player.cpp(109,44): warning C4244: 'argument': conversion from 'float' to 'int', possible loss of data
C:\dev\Raycaster Engine\Raycaster Engine\src\Player.cpp(109,34): warning C4244: 'argument': conversion from 'float' to 'int', possible loss of data
C:\dev\Raycaster Engine\Raycaster Engine\src\Player.cpp(191,43): warning C4244: 'argument': conversion from 'double' to 'const float', possible loss of data
  Utils.cpp
C:\dev\Raycaster Engine\Raycaster Engine\src\Utils.cpp(6,17): warning C4244: 'initializing': conversion from 'int' to 'float', possible loss of data
C:\dev\Raycaster Engine\Raycaster Engine\src\Utils.cpp(7,17): warning C4244: 'initializing': conversion from 'int' to 'float', possible loss of data
C:\dev\Raycaster Engine\Raycaster Engine\src\Utils.cpp(18,26): warning C4244: '=': conversion from 'double' to 'int', possible loss of data
C:\dev\Raycaster Engine\Raycaster Engine\src\Utils.cpp(19,26): warning C4244: '=': conversion from 'double' to 'int', possible loss of data
C:\dev\Raycaster Engine\Raycaster Engine\src\Utils.cpp(24,25): warning C4244: '=': conversion from 'double' to 'int', possible loss of data
C:\dev\Raycaster Engine\Raycaster Engine\src\Utils.cpp(25,26): warning C4244: '=': conversion from 'double' to 'int', possible loss of data
C:\dev\Raycaster Engine\Raycaster Engine\src\Utils.cpp(30,26): warning C4244: '=': conversion from 'double' to 'int', possible loss of data
C:\dev\Raycaster Engine\Raycaster Engine\src\Utils.cpp(31,25): warning C4244: '=': conversion from 'double' to 'int', possible loss of data
C:\dev\Raycaster Engine\Raycaster Engine\src\Utils.cpp(36,25): warning C4244: '=': conversion from 'double' to 'int', possible loss of data
C:\dev\Raycaster Engine\Raycaster Engine\src\Utils.cpp(37,25): warning C4244: '=': conversion from 'double' to 'int', possible loss of data
C:\dev\Raycaster Engine\Raycaster Engine\src\Utils.cpp(65,26): warning C4244: '=': conversion from 'double' to 'int', possible loss of data
C:\dev\Raycaster Engine\Raycaster Engine\src\Utils.cpp(66,26): warning C4244: '=': conversion from 'double' to 'int', possible loss of data
C:\dev\Raycaster Engine\Raycaster Engine\src\Utils.cpp(71,25): warning C4244: '=': conversion from 'double' to 'int', possible loss of data
C:\dev\Raycaster Engine\Raycaster Engine\src\Utils.cpp(72,26): warning C4244: '=': conversion from 'double' to 'int', possible loss of data
C:\dev\Raycaster Engine\Raycaster Engine\src\Utils.cpp(77,26): warning C4244: '=': conversion from 'double' to 'int', possible loss of data
C:\dev\Raycaster Engine\Raycaster Engine\src\Utils.cpp(78,25): warning C4244: '=': conversion from 'double' to 'int', possible loss of data
C:\dev\Raycaster Engine\Raycaster Engine\src\Utils.cpp(83,25): warning C4244: '=': conversion from 'double' to 'int', possible loss of data
C:\dev\Raycaster Engine\Raycaster Engine\src\Utils.cpp(84,25): warning C4244: '=': conversion from 'double' to 'int', possible loss of data
  main.cpp
  Generating Code...
C:\dev\Raycaster Engine\Raycaster Engine\src\Utils.cpp(96): warning C4715: 'Utils::MapCollision': not all control paths return a value
C:\dev\Raycaster Engine\Raycaster Engine\src\Utils.cpp(49): warning C4715: 'Utils::MapCollision': not all control paths return a value
  Raycaster Engine.vcxproj -> C:\dev\Raycaster Engine\x64\Debug\Raycaster Engine.exe
  'pwsh.exe' is not recognized as an internal or external command,
  operable program or batch file.
